<?xml version="1.0" encoding="UTF-8"?>
<robot generator="Robot 4.1.2 (Python 3.8.0 on darwin)" generated="20211021 18:06:48.865" rpa="false" schemaversion="2">
<suite id="s1" name="TC1" source="/Users/bharatgurnani/PycharmProjects/dopDemo/TestCases/TC1.robot">
<test id="s1-t1" name="LoginTest">
<kw name="Launch Browser and open application">
<kw name="Evaluate" library="BuiltIn">
<var>${options}</var>
<arg>sys.modules['selenium.webdriver'].ChromeOptions()</arg>
<doc>Evaluates the given expression in Python and returns the result.</doc>
<msg timestamp="20211021 18:06:49.110" level="INFO">${options} = &lt;selenium.webdriver.chrome.options.Options object at 0x7f8c80c11c40&gt;</msg>
<status status="PASS" starttime="20211021 18:06:49.109" endtime="20211021 18:06:49.110"/>
</kw>
<kw name="Call Method" library="BuiltIn">
<arg>${options}</arg>
<arg>add_argument</arg>
<arg>incognito</arg>
<doc>Calls the named method of the given object with the provided arguments.</doc>
<status status="PASS" starttime="20211021 18:06:49.110" endtime="20211021 18:06:49.110"/>
</kw>
<kw name="Open Browser" library="SeleniumLibrary">
<arg>${url}</arg>
<arg>${browser}</arg>
<doc>Opens a new browser instance to the optional ``url``.</doc>
<msg timestamp="20211021 18:06:49.111" level="INFO">Opening browser 'chrome' to base url 'https://www.amazon.in/ap/signin? openid.pape.max_auth_age=0&amp;openid.return_to=https%3A%2F%2Fwww.amazon.in%2F%3Fref_%3Dnav_ya_signin&amp;openid.identity=http%3A%2F%2Fspecs.openid.net%2Fauth%2F2.0%2Fidentifier_select&amp;openid.assoc_handle=inflex&amp;openid.mode=checkid_setup&amp;openid.claimed_id=http%3A%2F%2Fspecs.openid.net%2Fauth%2F2.0%2Fidentifier_select&amp;openid.ns=http%3A%2F%2Fspecs.openid.net%2Fauth%2F2.0&amp;'.</msg>
<status status="PASS" starttime="20211021 18:06:49.110" endtime="20211021 18:06:52.680"/>
</kw>
<kw name="Maximize Browser Window" library="SeleniumLibrary">
<doc>Maximizes current browser window.</doc>
<status status="PASS" starttime="20211021 18:06:52.681" endtime="20211021 18:06:52.875"/>
</kw>
<status status="PASS" starttime="20211021 18:06:49.109" endtime="20211021 18:06:52.876"/>
</kw>
<kw name="Sign into the application">
<kw name="Input Text" library="SeleniumLibrary">
<arg>ap_email</arg>
<arg>bharat.gurnani88@gmail.com</arg>
<doc>Types the given ``text`` into the text field identified by ``locator``.</doc>
<msg timestamp="20211021 18:06:52.878" level="INFO">Typing text 'bharat.gurnani88@gmail.com' into text field 'ap_email'.</msg>
<status status="PASS" starttime="20211021 18:06:52.877" endtime="20211021 18:06:53.227"/>
</kw>
<kw name="Click Button" library="SeleniumLibrary">
<arg>continue</arg>
<doc>Clicks the button identified by ``locator``.</doc>
<msg timestamp="20211021 18:06:53.228" level="INFO">Clicking button 'continue'.</msg>
<status status="PASS" starttime="20211021 18:06:53.227" endtime="20211021 18:06:54.233"/>
</kw>
<kw name="Input Text" library="SeleniumLibrary">
<arg>ap_password</arg>
<arg>Onsite@2020</arg>
<doc>Types the given ``text`` into the text field identified by ``locator``.</doc>
<msg timestamp="20211021 18:06:54.234" level="INFO">Typing text 'Onsite@2020' into text field 'ap_password'.</msg>
<status status="PASS" starttime="20211021 18:06:54.234" endtime="20211021 18:06:54.308"/>
</kw>
<kw name="Click Button" library="SeleniumLibrary">
<arg>signInSubmit</arg>
<doc>Clicks the button identified by ``locator``.</doc>
<msg timestamp="20211021 18:06:54.309" level="INFO">Clicking button 'signInSubmit'.</msg>
<status status="PASS" starttime="20211021 18:06:54.309" endtime="20211021 18:06:57.029"/>
</kw>
<kw name="Wait Until Element Is Visible" library="SeleniumLibrary">
<arg>//a[@id="nav-logo-sprites"]</arg>
<doc>Waits until the element ``locator`` is visible.</doc>
<status status="PASS" starttime="20211021 18:06:57.029" endtime="20211021 18:06:57.080"/>
</kw>
<status status="PASS" starttime="20211021 18:06:52.876" endtime="20211021 18:06:57.080"/>
</kw>
<kw name="Add Item the cart">
<kw name="Select From List By Value" library="SeleniumLibrary">
<arg>searchDropdownBox</arg>
<arg>search-alias=electronics</arg>
<doc>Selects options from selection list ``locator`` by ``values``.</doc>
<msg timestamp="20211021 18:06:57.081" level="INFO">Selecting options from selection list 'searchDropdownBox' by value search-alias=electronics.</msg>
<status status="PASS" starttime="20211021 18:06:57.081" endtime="20211021 18:06:57.279"/>
</kw>
<kw name="Input Text" library="SeleniumLibrary">
<arg>twotabsearchtextbox</arg>
<arg>one plus Mobile</arg>
<doc>Types the given ``text`` into the text field identified by ``locator``.</doc>
<msg timestamp="20211021 18:06:57.280" level="INFO">Typing text 'one plus Mobile' into text field 'twotabsearchtextbox'.</msg>
<status status="PASS" starttime="20211021 18:06:57.279" endtime="20211021 18:06:57.405"/>
</kw>
<kw name="Click Element" library="SeleniumLibrary">
<arg>nav-search-submit-button</arg>
<doc>Click the element identified by ``locator``.</doc>
<msg timestamp="20211021 18:06:57.406" level="INFO">Clicking element 'nav-search-submit-button'.</msg>
<status status="PASS" starttime="20211021 18:06:57.405" endtime="20211021 18:06:59.545"/>
</kw>
<kw name="Wait Until Element Is Visible" library="SeleniumLibrary">
<arg>partial link :OnePlus Nord CE 5G</arg>
<doc>Waits until the element ``locator`` is visible.</doc>
<status status="PASS" starttime="20211021 18:06:59.545" endtime="20211021 18:07:00.105"/>
</kw>
<kw name="Scroll Element Into View" library="SeleniumLibrary">
<arg>partial link :OnePlus Nord CE 5G</arg>
<doc>Scrolls the element identified by ``locator`` into view.</doc>
<status status="PASS" starttime="20211021 18:07:00.106" endtime="20211021 18:07:00.856"/>
</kw>
<kw name="Click Link" library="SeleniumLibrary">
<arg>partial link :OnePlus Nord CE 5G</arg>
<doc>Clicks a link identified by ``locator``.</doc>
<msg timestamp="20211021 18:07:00.856" level="INFO">Clicking link 'partial link :OnePlus Nord CE 5G'.</msg>
<status status="PASS" starttime="20211021 18:07:00.856" endtime="20211021 18:07:01.498"/>
</kw>
<kw name="Get Window Handles" library="SeleniumLibrary">
<var>${handles}</var>
<doc>Returns all child window handles of the selected browser as a list.</doc>
<msg timestamp="20211021 18:07:01.501" level="INFO">${handles} = ['CDwindow-D3B15965648EDCF3869E36FF5C12879F', 'CDwindow-B56141A3A17B14E5368035D81B337AB9']</msg>
<status status="PASS" starttime="20211021 18:07:01.498" endtime="20211021 18:07:01.501"/>
</kw>
<kw name="Switch Window" library="SeleniumLibrary">
<arg>${handles}[1]</arg>
<doc>Switches to browser window matching ``locator``.</doc>
<status status="PASS" starttime="20211021 18:07:01.501" endtime="20211021 18:07:01.610"/>
</kw>
<kw name="Mouse Over" library="SeleniumLibrary">
<arg>//input[@id="add-to-cart-button" and @name="submit.add-to-cart"]</arg>
<doc>Simulates hovering the mouse over the element ``locator``.</doc>
<msg timestamp="20211021 18:07:01.611" level="INFO">Simulating Mouse Over on element '//input[@id="add-to-cart-button" and @name="submit.add-to-cart"]'.</msg>
<status status="PASS" starttime="20211021 18:07:01.611" endtime="20211021 18:07:06.176"/>
</kw>
<kw name="Click Element" library="SeleniumLibrary">
<arg>//input[@id="add-to-cart-button" and @name="submit.add-to-cart"]</arg>
<doc>Click the element identified by ``locator``.</doc>
<msg timestamp="20211021 18:07:06.176" level="INFO">Clicking element '//input[@id="add-to-cart-button" and @name="submit.add-to-cart"]'.</msg>
<status status="PASS" starttime="20211021 18:07:06.176" endtime="20211021 18:07:06.305"/>
</kw>
<kw name="Wait Until Element Is Visible" library="SeleniumLibrary">
<arg>//input[@class='a-button-input' and @aria-labelledby='attach-sidesheet-view-cart-button-announce']</arg>
<doc>Waits until the element ``locator`` is visible.</doc>
<status status="PASS" starttime="20211021 18:07:06.305" endtime="20211021 18:07:08.679"/>
</kw>
<kw name="Click Element" library="SeleniumLibrary">
<arg>//input[@class='a-button-input' and @aria-labelledby='attach-sidesheet-view-cart-button-announce']</arg>
<doc>Click the element identified by ``locator``.</doc>
<msg timestamp="20211021 18:07:08.679" level="INFO">Clicking element '//input[@class='a-button-input' and @aria-labelledby='attach-sidesheet-view-cart-button-announce']'.</msg>
<status status="PASS" starttime="20211021 18:07:08.679" endtime="20211021 18:07:11.303"/>
</kw>
<kw name="Wait Until Element Is Visible" library="SeleniumLibrary">
<arg>//input[@value='Save for later' and @type="submit"]</arg>
<doc>Waits until the element ``locator`` is visible.</doc>
<status status="PASS" starttime="20211021 18:07:11.304" endtime="20211021 18:07:11.362"/>
</kw>
<kw name="Click Element" library="SeleniumLibrary">
<arg>//input[@value='Save for later' and @type="submit"]</arg>
<doc>Click the element identified by ``locator``.</doc>
<msg timestamp="20211021 18:07:11.362" level="INFO">Clicking element '//input[@value='Save for later' and @type="submit"]'.</msg>
<status status="PASS" starttime="20211021 18:07:11.362" endtime="20211021 18:07:11.470"/>
</kw>
<kw name="Get Selenium Implicit Wait" library="SeleniumLibrary">
<doc>Gets the implicit wait value used by Selenium.</doc>
<status status="PASS" starttime="20211021 18:07:11.471" endtime="20211021 18:07:11.471"/>
</kw>
<status status="PASS" starttime="20211021 18:06:57.080" endtime="20211021 18:07:11.471"/>
</kw>
<kw name="Close the browser">
<kw name="Delete All Cookies" library="SeleniumLibrary">
<doc>Deletes all cookies.</doc>
<status status="PASS" starttime="20211021 18:07:11.472" endtime="20211021 18:07:11.529"/>
</kw>
<kw name="Close Browser" library="SeleniumLibrary">
<doc>Closes the current browser.</doc>
<status status="PASS" starttime="20211021 18:07:11.529" endtime="20211021 18:07:11.762"/>
</kw>
<status status="PASS" starttime="20211021 18:07:11.471" endtime="20211021 18:07:11.762"/>
</kw>
<status status="PASS" starttime="20211021 18:06:49.108" endtime="20211021 18:07:11.762"/>
</test>
<status status="PASS" starttime="20211021 18:06:48.868" endtime="20211021 18:07:11.765"/>
</suite>
<statistics>
<total>
<stat pass="1" fail="0" skip="0">All Tests</stat>
</total>
<tag>
</tag>
<suite>
<stat pass="1" fail="0" skip="0" id="s1" name="TC1">TC1</stat>
</suite>
</statistics>
<errors>
</errors>
</robot>
